

<!DOCTYPE html>
<html>
<head>
<meta charset="UTF-8">
<meta name="viewport" content="width=device-width, initial-scale=1, shrink-to-fit=no">
<title></title>
<link rel="apple-touch-icon" href="https://cdn.jsdelivr.net/gh/extent-framework/extent-github-cdn@b00a2d0486596e73dd7326beacf352c639623a0e/commons/img/logo.png">
<link rel="shortcut icon" href="https://cdn.jsdelivr.net/gh/extent-framework/extent-github-cdn@b00a2d0486596e73dd7326beacf352c639623a0e/commons/img/logo.png">
<link href="https://cdn.jsdelivr.net/gh/extent-framework/extent-github-cdn@ce8b10435bcbae260c334c0d0c6b61d2c19b6168/spark/css/spark-style.css" rel="stylesheet" />
<link href="https://stackpath.bootstrapcdn.com/font-awesome/4.7.0/css/font-awesome.min.css" rel="stylesheet">
<script src="https://cdn.jsdelivr.net/gh/extent-framework/extent-github-cdn@7cc78ce/spark/js/jsontree.js"></script>
<style type="text/css"></style></head><body class="spa bdd-report standard">
  <div class="app">
    <div class="layout">
<div class="header navbar">
<div class="vheader">
<div class="nav-logo">
<a href="#">
<div class="logo" style="background-image: url('https://cdn.jsdelivr.net/gh/extent-framework/extent-github-cdn@b00a2d0486596e73dd7326beacf352c639623a0e/commons/img/logo.png')"></div>
</a>
</div>
<ul class="nav-left">
<li class="search-box">
<a class="search-toggle" href="#">
<i class="search-icon fa fa-search"></i>
<i class="search-icon-close fa fa-close"></i>
</a>
</li>
<li class="search-input"><input id="search-tests" class="form-control" type="text" placeholder="Search..."></li>
</ul>
<ul class="nav-right">
<li class="m-r-10">
<a href="#"><span class="badge badge-primary"></span></a>
</li>
<li class="m-r-10">
<a href="#"><span class="badge badge-primary">Oct 23, 2024 05:58:43 pm</span></a>
</li>
</ul>
</div>
</div><div class="side-nav">
<div class="side-nav-inner">
<ul class="side-nav-menu">
<li class="nav-item dropdown" onclick="toggleView('test-view')">
<a id="nav-test" class="dropdown-toggle" href="#">
<span class="ico"><i class="fa fa-list"></i></span>
</a>
</li>
<li class="nav-item dropdown" onclick="toggleView('exception-view')">
<a id="nav-exception" class="dropdown-toggle" href="#">
<span class="ico"><i class="fa fa-bug"></i></span>
</a>
</li>
<li class="nav-item dropdown" onclick="toggleView('category-view')">
<a id="nav-category" class="dropdown-toggle" href="#">
<span class="ico"><i class="fa fa-tag"></i></span>
</a>
</li>
<li class="nav-item dropdown" onclick="toggleView('dashboard-view')">
<a id="nav-dashboard" class="dropdown-toggle" href="#">
<span class="ico"><i class="fa fa-bar-chart"></i></span>
</a>
</li>
</ul>
</div>
</div>      <div class="vcontainer">
        <div class="main-content">
<div class="test-wrapper row view test-view">
  <div class="test-list">
    <div class="test-list-tools">
<ul class="tools pull-left">
<li><a href="#"><span class="font-size-14">Tests</span></a></li>
</ul>
<ul class="tools text-right">
<li class="dropdown">
<a href="#" class="dropdown-toggle" data-toggle="dropdown"><i class="fa fa-exclamation-circle"></i></a>
<ul id="status-toggle" class="dropdown-menu dropdown-md p-v-0">
<a class="dropdown-item" status="fail" href="#"><span>Fail</span><span class="status danger"></span></a>
<div class="dropdown-divider"></div>
<a status="clear" class="dropdown-item" href="#"><span>Clear</span><span class="pull-right"><i class="fa fa-close"></i></span></a>
</ul>
</li>
<li class="dropdown">
<a href="#" class="dropdown-toggle" data-toggle="dropdown"><i class="fa fa-tag"></i></a>
<ul id="tag-toggle" class="dropdown-menu dropdown-md p-v-0">
<a class="dropdown-item" href="#">@Educator</a>
</ul>
</li>
</ul>
</div>    <div class="test-list-wrapper scrollable">
      <ul class="test-list-item">
        <li class="test-item"  status="fail" test-id="1"
          author=""
          tag=""
          device="">
          <div class="test-detail">
            <p class="name">Educator Registration Page</p>
            <p class="text-sm">
              <span>5:58:44 pm</span> / <span>00:02:08:463</span>
              <span class="badge fail-bg log float-right">Fail</span>
            </p>
          </div>
          <div class="test-contents d-none">
<div class="detail-head">
<div class="p-v-10">
<div class="info">
<h5 class="test-status text-fail">Educator Registration Page</h5>
<span class='badge badge-success'>10.23.2024 5:58:44 pm</span>
<span class='badge badge-danger'>10.23.2024 6:00:52 pm</span>
<span class='badge badge-default'>00:02:08:463</span>
&middot; <span class='uri-anchor badge badge-default'>#test-id=1</span>
<span title='Skip to the next failed step' class='badge badge-danger pointer float-right ne ml-1'><i class="fa fa-fast-forward"></i></span>
<span title='Collapse all nodes' class='badge badge-default pointer float-right ct ml-1'><i class="fa fa-compress"></i></span>
<span title='Expand all nodes' class='badge badge-default pointer float-right et'><i class="fa fa-expand"></i></span>
</div>
<div class="m-t-10 m-l-5"></div>
</div>
</div>
<div class="accordion mt-4">
  <div class="card">
    <div class="card-header" role="tab">
      <div class="card-title">
        <div class="node" id="2"><span class="badge log fail-bg mr-2">Fail</span>User we enter wrong email format</div>
          <div class="status-avatar float-right mr-4">
            <i class="fa fa-paperclip"></i>
          </div>
      </div>
    </div>
        <div class="scenario_outline ">
            <div class="card-body l1">
              <div class="card-header">
                <div class="card-title outline-child">
                  <div class="node" id="3"><span class="badge log fail-bg mr-2">Fail</span>User we enter wrong email format</div>
                    <div class="status-avatar float-right">
                      <i class="fa fa-paperclip"></i>
                    </div>
                </div>
              </div>
              <div class="card-body mt-3 ">
                  <div class="step pass-bg">
                    <span>Given user will enter the url and land on homepage</span>
      <div>
      </div>
                  </div>
                  <div class="step pass-bg">
                    <span>When user will click on SignIn</span>
      <div>
      </div>
                  </div>
                  <div class="step pass-bg">
                    <span>Then user will select on I am teacher</span>
      <div>
      </div>
                  </div>
                  <div class="step pass-bg">
                    <span>Then user will click on SignUp Here</span>
      <div>
      </div>
                  </div>
                  <div class="step fail-bg">
                    <span>Then user enter the name Emma Johnson email emma.johnsonexample.com phone 1234567891 feildAcademics subjectScience Passwsord 123456789 and Confrimpassword 123456789</span>
      <div>
        <textarea disabled class="code-block">org.openqa.selenium.NoSuchElementException: no such element: Unable to locate element: {"method":"xpath","selector":"//input[@id='phone']"}
  (Session info: chrome=129.0.6668.101)
For documentation on this error, please visit: https://www.selenium.dev/documentation/webdriver/troubleshooting/errors#no-such-element-exception
Build info: version: '4.25.0', revision: '8a8aea2337'
System info: os.name: 'Windows 11', os.arch: 'amd64', os.version: '10.0', java.version: '21.0.4'
Driver info: org.openqa.selenium.chrome.ChromeDriver
Command: [78a870fcb508f5e64d5cd2095419faad, findElement {value=//input[@id='phone'], using=xpath}]
Capabilities {acceptInsecureCerts: false, browserName: chrome, browserVersion: 129.0.6668.101, chrome: {chromedriverVersion: 129.0.6668.100 (cf58cba358d..., userDataDir: C:\Users\HP\AppData\Local\T...}, fedcm:accounts: true, goog:chromeOptions: {debuggerAddress: localhost:54793}, networkConnectionEnabled: false, pageLoadStrategy: normal, platformName: windows, proxy: Proxy(), se:cdp: ws://localhost:54793/devtoo..., se:cdpVersion: 129.0.6668.101, setWindowRect: true, strictFileInteractability: false, timeouts: {implicit: 0, pageLoad: 300000, script: 30000}, unhandledPromptBehavior: dismiss and notify, webauthn:extension:credBlob: true, webauthn:extension:largeBlob: true, webauthn:extension:minPinLength: true, webauthn:extension:prf: true, webauthn:virtualAuthenticators: true}
Session ID: 78a870fcb508f5e64d5cd2095419faad
	at java.base/jdk.internal.reflect.DirectConstructorHandleAccessor.newInstance(DirectConstructorHandleAccessor.java:62)
	at java.base/java.lang.reflect.Constructor.newInstanceWithCaller(Constructor.java:502)
	at java.base/java.lang.reflect.Constructor.newInstance(Constructor.java:486)
	at org.openqa.selenium.remote.ErrorCodec.decode(ErrorCodec.java:167)
	at org.openqa.selenium.remote.codec.w3c.W3CHttpResponseCodec.decode(W3CHttpResponseCodec.java:138)
	at org.openqa.selenium.remote.codec.w3c.W3CHttpResponseCodec.decode(W3CHttpResponseCodec.java:50)
	at org.openqa.selenium.remote.HttpCommandExecutor.execute(HttpCommandExecutor.java:190)
	at org.openqa.selenium.remote.service.DriverCommandExecutor.invokeExecute(DriverCommandExecutor.java:216)
	at org.openqa.selenium.remote.service.DriverCommandExecutor.execute(DriverCommandExecutor.java:174)
	at org.openqa.selenium.remote.RemoteWebDriver.execute(RemoteWebDriver.java:545)
	at org.openqa.selenium.remote.ElementLocation$ElementFinder$2.findElement(ElementLocation.java:165)
	at org.openqa.selenium.remote.ElementLocation.findElement(ElementLocation.java:59)
	at org.openqa.selenium.remote.RemoteWebDriver.findElement(RemoteWebDriver.java:368)
	at org.openqa.selenium.remote.RemoteWebDriver.findElement(RemoteWebDriver.java:362)
	at pageObjects.studentRegistration_PO.enterPhoneno(studentRegistration_PO.java:39)
	at stepDefinitions.studentRegistration_SD.validatecredentials(studentRegistration_SD.java:60)
	at ✽.user enter the name Emma Johnson email emma.johnsonexample.com phone 1234567891 feildAcademics subjectScience Passwsord 123456789 and Confrimpassword 123456789(file:///C:/Project_TS_BDD/technobug/src/test/java/features/educatorRegistration.feature:61)
</textarea>
      
      </div>
                  </div>
                  <div class="step pass-bg">
                    <span>stepDefinitions.Hooks.AddScreenshot(io.cucumber.java.Scenario)</span>
      <div>image
          <div class="row mb-3"><div class="col-md-3">
    

<img data-featherlight='./screenshots/embedded1.png' src="./screenshots/embedded1.png">
  
    

    </div></div>
</div>
      <div>
      </div>
                  </div>
                  <div class="step skip-bg">
                    <span>And user will click on Check box</span>
      <div>Step skipped
      </div>
                  </div>
                  <div class="step skip-bg">
                    <span>And user will click on SignUp button directly</span>
      <div>Step skipped
      </div>
                  </div>
                  <div class="step skip-bg">
                    <span>Then the Please enter a valid Email address message should display</span>
      <div>Step skipped
      </div>
                  </div>
              </div>
            </div>
            <div class="card-body l1">
              <div class="card-header">
                <div class="card-title outline-child">
                  <div class="node" id="22"><span class="badge log fail-bg mr-2">Fail</span>User we enter wrong email format</div>
                    <div class="status-avatar float-right">
                      <i class="fa fa-paperclip"></i>
                    </div>
                </div>
              </div>
              <div class="card-body mt-3 ">
                  <div class="step pass-bg">
                    <span>Given user will enter the url and land on homepage</span>
      <div>
      </div>
                  </div>
                  <div class="step pass-bg">
                    <span>When user will click on SignIn</span>
      <div>
      </div>
                  </div>
                  <div class="step pass-bg">
                    <span>Then user will select on I am teacher</span>
      <div>
      </div>
                  </div>
                  <div class="step pass-bg">
                    <span>Then user will click on SignUp Here</span>
      <div>
      </div>
                  </div>
                  <div class="step fail-bg">
                    <span>Then user enter the name Emma Johnson email emma.johnson@examplecom phone 1234567891 feildAcademics subjectScience Passwsord 123456789 and Confrimpassword 123456789</span>
      <div>
        <textarea disabled class="code-block">org.openqa.selenium.NoSuchElementException: no such element: Unable to locate element: {"method":"xpath","selector":"//input[@id='phone']"}
  (Session info: chrome=129.0.6668.101)
For documentation on this error, please visit: https://www.selenium.dev/documentation/webdriver/troubleshooting/errors#no-such-element-exception
Build info: version: '4.25.0', revision: '8a8aea2337'
System info: os.name: 'Windows 11', os.arch: 'amd64', os.version: '10.0', java.version: '21.0.4'
Driver info: org.openqa.selenium.chrome.ChromeDriver
Command: [baf3f4b363a8d9f534cde6d729a79eee, findElement {value=//input[@id='phone'], using=xpath}]
Capabilities {acceptInsecureCerts: false, browserName: chrome, browserVersion: 129.0.6668.101, chrome: {chromedriverVersion: 129.0.6668.100 (cf58cba358d..., userDataDir: C:\Users\HP\AppData\Local\T...}, fedcm:accounts: true, goog:chromeOptions: {debuggerAddress: localhost:54840}, networkConnectionEnabled: false, pageLoadStrategy: normal, platformName: windows, proxy: Proxy(), se:cdp: ws://localhost:54840/devtoo..., se:cdpVersion: 129.0.6668.101, setWindowRect: true, strictFileInteractability: false, timeouts: {implicit: 0, pageLoad: 300000, script: 30000}, unhandledPromptBehavior: dismiss and notify, webauthn:extension:credBlob: true, webauthn:extension:largeBlob: true, webauthn:extension:minPinLength: true, webauthn:extension:prf: true, webauthn:virtualAuthenticators: true}
Session ID: baf3f4b363a8d9f534cde6d729a79eee
	at java.base/jdk.internal.reflect.DirectConstructorHandleAccessor.newInstance(DirectConstructorHandleAccessor.java:62)
	at java.base/java.lang.reflect.Constructor.newInstanceWithCaller(Constructor.java:502)
	at java.base/java.lang.reflect.Constructor.newInstance(Constructor.java:486)
	at org.openqa.selenium.remote.ErrorCodec.decode(ErrorCodec.java:167)
	at org.openqa.selenium.remote.codec.w3c.W3CHttpResponseCodec.decode(W3CHttpResponseCodec.java:138)
	at org.openqa.selenium.remote.codec.w3c.W3CHttpResponseCodec.decode(W3CHttpResponseCodec.java:50)
	at org.openqa.selenium.remote.HttpCommandExecutor.execute(HttpCommandExecutor.java:190)
	at org.openqa.selenium.remote.service.DriverCommandExecutor.invokeExecute(DriverCommandExecutor.java:216)
	at org.openqa.selenium.remote.service.DriverCommandExecutor.execute(DriverCommandExecutor.java:174)
	at org.openqa.selenium.remote.RemoteWebDriver.execute(RemoteWebDriver.java:545)
	at org.openqa.selenium.remote.ElementLocation$ElementFinder$2.findElement(ElementLocation.java:165)
	at org.openqa.selenium.remote.ElementLocation.findElement(ElementLocation.java:59)
	at org.openqa.selenium.remote.RemoteWebDriver.findElement(RemoteWebDriver.java:368)
	at org.openqa.selenium.remote.RemoteWebDriver.findElement(RemoteWebDriver.java:362)
	at pageObjects.studentRegistration_PO.enterPhoneno(studentRegistration_PO.java:39)
	at stepDefinitions.studentRegistration_SD.validatecredentials(studentRegistration_SD.java:60)
	at ✽.user enter the name Emma Johnson email emma.johnson@examplecom phone 1234567891 feildAcademics subjectScience Passwsord 123456789 and Confrimpassword 123456789(file:///C:/Project_TS_BDD/technobug/src/test/java/features/educatorRegistration.feature:61)
</textarea>
      
      </div>
                  </div>
                  <div class="step pass-bg">
                    <span>stepDefinitions.Hooks.AddScreenshot(io.cucumber.java.Scenario)</span>
      <div>image
          <div class="row mb-3"><div class="col-md-3">
    

<img data-featherlight='./screenshots/embedded2.png' src="./screenshots/embedded2.png">
  
    

    </div></div>
</div>
      <div>
      </div>
                  </div>
                  <div class="step skip-bg">
                    <span>And user will click on Check box</span>
      <div>Step skipped
      </div>
                  </div>
                  <div class="step skip-bg">
                    <span>And user will click on SignUp button directly</span>
      <div>Step skipped
      </div>
                  </div>
                  <div class="step skip-bg">
                    <span>Then the Please enter a valid Email address message should display</span>
      <div>Step skipped
      </div>
                  </div>
              </div>
            </div>
            <div class="card-body l1">
              <div class="card-header">
                <div class="card-title outline-child">
                  <div class="node" id="41"><span class="badge log fail-bg mr-2">Fail</span>User we enter wrong email format</div>
                    <div class="status-avatar float-right">
                      <i class="fa fa-paperclip"></i>
                    </div>
                </div>
              </div>
              <div class="card-body mt-3 ">
                  <div class="step pass-bg">
                    <span>Given user will enter the url and land on homepage</span>
      <div>
      </div>
                  </div>
                  <div class="step pass-bg">
                    <span>When user will click on SignIn</span>
      <div>
      </div>
                  </div>
                  <div class="step pass-bg">
                    <span>Then user will select on I am teacher</span>
      <div>
      </div>
                  </div>
                  <div class="step pass-bg">
                    <span>Then user will click on SignUp Here</span>
      <div>
      </div>
                  </div>
                  <div class="step fail-bg">
                    <span>Then user enter the name Emma Johnson email emma  johnson@examplecom phone 1234567891 feildAcademics subjectScience Passwsord 123456789 and Confrimpassword 123456789</span>
      <div>
        <textarea disabled class="code-block">org.openqa.selenium.NoSuchElementException: no such element: Unable to locate element: {"method":"xpath","selector":"//input[@id='phone']"}
  (Session info: chrome=129.0.6668.101)
For documentation on this error, please visit: https://www.selenium.dev/documentation/webdriver/troubleshooting/errors#no-such-element-exception
Build info: version: '4.25.0', revision: '8a8aea2337'
System info: os.name: 'Windows 11', os.arch: 'amd64', os.version: '10.0', java.version: '21.0.4'
Driver info: org.openqa.selenium.chrome.ChromeDriver
Command: [5d67b440cb1cabd51a50584b12d7cb12, findElement {value=//input[@id='phone'], using=xpath}]
Capabilities {acceptInsecureCerts: false, browserName: chrome, browserVersion: 129.0.6668.101, chrome: {chromedriverVersion: 129.0.6668.100 (cf58cba358d..., userDataDir: C:\Users\HP\AppData\Local\T...}, fedcm:accounts: true, goog:chromeOptions: {debuggerAddress: localhost:54882}, networkConnectionEnabled: false, pageLoadStrategy: normal, platformName: windows, proxy: Proxy(), se:cdp: ws://localhost:54882/devtoo..., se:cdpVersion: 129.0.6668.101, setWindowRect: true, strictFileInteractability: false, timeouts: {implicit: 0, pageLoad: 300000, script: 30000}, unhandledPromptBehavior: dismiss and notify, webauthn:extension:credBlob: true, webauthn:extension:largeBlob: true, webauthn:extension:minPinLength: true, webauthn:extension:prf: true, webauthn:virtualAuthenticators: true}
Session ID: 5d67b440cb1cabd51a50584b12d7cb12
	at java.base/jdk.internal.reflect.DirectConstructorHandleAccessor.newInstance(DirectConstructorHandleAccessor.java:62)
	at java.base/java.lang.reflect.Constructor.newInstanceWithCaller(Constructor.java:502)
	at java.base/java.lang.reflect.Constructor.newInstance(Constructor.java:486)
	at org.openqa.selenium.remote.ErrorCodec.decode(ErrorCodec.java:167)
	at org.openqa.selenium.remote.codec.w3c.W3CHttpResponseCodec.decode(W3CHttpResponseCodec.java:138)
	at org.openqa.selenium.remote.codec.w3c.W3CHttpResponseCodec.decode(W3CHttpResponseCodec.java:50)
	at org.openqa.selenium.remote.HttpCommandExecutor.execute(HttpCommandExecutor.java:190)
	at org.openqa.selenium.remote.service.DriverCommandExecutor.invokeExecute(DriverCommandExecutor.java:216)
	at org.openqa.selenium.remote.service.DriverCommandExecutor.execute(DriverCommandExecutor.java:174)
	at org.openqa.selenium.remote.RemoteWebDriver.execute(RemoteWebDriver.java:545)
	at org.openqa.selenium.remote.ElementLocation$ElementFinder$2.findElement(ElementLocation.java:165)
	at org.openqa.selenium.remote.ElementLocation.findElement(ElementLocation.java:59)
	at org.openqa.selenium.remote.RemoteWebDriver.findElement(RemoteWebDriver.java:368)
	at org.openqa.selenium.remote.RemoteWebDriver.findElement(RemoteWebDriver.java:362)
	at pageObjects.studentRegistration_PO.enterPhoneno(studentRegistration_PO.java:39)
	at stepDefinitions.studentRegistration_SD.validatecredentials(studentRegistration_SD.java:60)
	at ✽.user enter the name Emma Johnson email emma  johnson@examplecom phone 1234567891 feildAcademics subjectScience Passwsord 123456789 and Confrimpassword 123456789(file:///C:/Project_TS_BDD/technobug/src/test/java/features/educatorRegistration.feature:61)
</textarea>
      
      </div>
                  </div>
                  <div class="step pass-bg">
                    <span>stepDefinitions.Hooks.AddScreenshot(io.cucumber.java.Scenario)</span>
      <div>image
          <div class="row mb-3"><div class="col-md-3">
    

<img data-featherlight='./screenshots/embedded3.png' src="./screenshots/embedded3.png">
  
    

    </div></div>
</div>
      <div>
      </div>
                  </div>
                  <div class="step skip-bg">
                    <span>And user will click on Check box</span>
      <div>Step skipped
      </div>
                  </div>
                  <div class="step skip-bg">
                    <span>And user will click on SignUp button directly</span>
      <div>Step skipped
      </div>
                  </div>
                  <div class="step skip-bg">
                    <span>Then the Please enter a valid Email address message should display</span>
      <div>Step skipped
      </div>
                  </div>
              </div>
            </div>
            <div class="card-body l1">
              <div class="card-header">
                <div class="card-title outline-child">
                  <div class="node" id="60"><span class="badge log fail-bg mr-2">Fail</span>User we enter wrong email format</div>
                    <div class="status-avatar float-right">
                      <i class="fa fa-paperclip"></i>
                    </div>
                </div>
              </div>
              <div class="card-body mt-3 ">
                  <div class="step pass-bg">
                    <span>Given user will enter the url and land on homepage</span>
      <div>
      </div>
                  </div>
                  <div class="step pass-bg">
                    <span>When user will click on SignIn</span>
      <div>
      </div>
                  </div>
                  <div class="step pass-bg">
                    <span>Then user will select on I am teacher</span>
      <div>
      </div>
                  </div>
                  <div class="step pass-bg">
                    <span>Then user will click on SignUp Here</span>
      <div>
      </div>
                  </div>
                  <div class="step fail-bg">
                    <span>Then user enter the name Emma Johnson email emma.johnson@example.com phone 123456789 feildAcademics subjectScience Passwsord 123456789 and Confrimpassword 123456789</span>
      <div>
        <textarea disabled class="code-block">org.openqa.selenium.NoSuchElementException: no such element: Unable to locate element: {"method":"xpath","selector":"//input[@id='phone']"}
  (Session info: chrome=129.0.6668.101)
For documentation on this error, please visit: https://www.selenium.dev/documentation/webdriver/troubleshooting/errors#no-such-element-exception
Build info: version: '4.25.0', revision: '8a8aea2337'
System info: os.name: 'Windows 11', os.arch: 'amd64', os.version: '10.0', java.version: '21.0.4'
Driver info: org.openqa.selenium.chrome.ChromeDriver
Command: [8a2a51a67e3af88640f6ce4ea5d9dc4a, findElement {value=//input[@id='phone'], using=xpath}]
Capabilities {acceptInsecureCerts: false, browserName: chrome, browserVersion: 129.0.6668.101, chrome: {chromedriverVersion: 129.0.6668.100 (cf58cba358d..., userDataDir: C:\Users\HP\AppData\Local\T...}, fedcm:accounts: true, goog:chromeOptions: {debuggerAddress: localhost:54935}, networkConnectionEnabled: false, pageLoadStrategy: normal, platformName: windows, proxy: Proxy(), se:cdp: ws://localhost:54935/devtoo..., se:cdpVersion: 129.0.6668.101, setWindowRect: true, strictFileInteractability: false, timeouts: {implicit: 0, pageLoad: 300000, script: 30000}, unhandledPromptBehavior: dismiss and notify, webauthn:extension:credBlob: true, webauthn:extension:largeBlob: true, webauthn:extension:minPinLength: true, webauthn:extension:prf: true, webauthn:virtualAuthenticators: true}
Session ID: 8a2a51a67e3af88640f6ce4ea5d9dc4a
	at java.base/jdk.internal.reflect.DirectConstructorHandleAccessor.newInstance(DirectConstructorHandleAccessor.java:62)
	at java.base/java.lang.reflect.Constructor.newInstanceWithCaller(Constructor.java:502)
	at java.base/java.lang.reflect.Constructor.newInstance(Constructor.java:486)
	at org.openqa.selenium.remote.ErrorCodec.decode(ErrorCodec.java:167)
	at org.openqa.selenium.remote.codec.w3c.W3CHttpResponseCodec.decode(W3CHttpResponseCodec.java:138)
	at org.openqa.selenium.remote.codec.w3c.W3CHttpResponseCodec.decode(W3CHttpResponseCodec.java:50)
	at org.openqa.selenium.remote.HttpCommandExecutor.execute(HttpCommandExecutor.java:190)
	at org.openqa.selenium.remote.service.DriverCommandExecutor.invokeExecute(DriverCommandExecutor.java:216)
	at org.openqa.selenium.remote.service.DriverCommandExecutor.execute(DriverCommandExecutor.java:174)
	at org.openqa.selenium.remote.RemoteWebDriver.execute(RemoteWebDriver.java:545)
	at org.openqa.selenium.remote.ElementLocation$ElementFinder$2.findElement(ElementLocation.java:165)
	at org.openqa.selenium.remote.ElementLocation.findElement(ElementLocation.java:59)
	at org.openqa.selenium.remote.RemoteWebDriver.findElement(RemoteWebDriver.java:368)
	at org.openqa.selenium.remote.RemoteWebDriver.findElement(RemoteWebDriver.java:362)
	at pageObjects.studentRegistration_PO.enterPhoneno(studentRegistration_PO.java:39)
	at stepDefinitions.studentRegistration_SD.validatecredentials(studentRegistration_SD.java:60)
	at ✽.user enter the name Emma Johnson email emma.johnson@example.com phone 123456789 feildAcademics subjectScience Passwsord 123456789 and Confrimpassword 123456789(file:///C:/Project_TS_BDD/technobug/src/test/java/features/educatorRegistration.feature:61)
</textarea>
      
      </div>
                  </div>
                  <div class="step pass-bg">
                    <span>stepDefinitions.Hooks.AddScreenshot(io.cucumber.java.Scenario)</span>
      <div>image
          <div class="row mb-3"><div class="col-md-3">
    

<img data-featherlight='./screenshots/embedded4.png' src="./screenshots/embedded4.png">
  
    

    </div></div>
</div>
      <div>
      </div>
                  </div>
                  <div class="step skip-bg">
                    <span>And user will click on Check box</span>
      <div>Step skipped
      </div>
                  </div>
                  <div class="step skip-bg">
                    <span>And user will click on SignUp button directly</span>
      <div>Step skipped
      </div>
                  </div>
                  <div class="step skip-bg">
                    <span>Then the Please provide a valid Phone Number message should display</span>
      <div>Step skipped
      </div>
                  </div>
              </div>
            </div>
            <div class="card-body l1">
              <div class="card-header">
                <div class="card-title outline-child">
                  <div class="node" id="79"><span class="badge log fail-bg mr-2">Fail</span>User we enter wrong email format</div>
                    <div class="status-avatar float-right">
                      <i class="fa fa-paperclip"></i>
                    </div>
                </div>
              </div>
              <div class="card-body mt-3 ">
                  <div class="step pass-bg">
                    <span>Given user will enter the url and land on homepage</span>
      <div>
      </div>
                  </div>
                  <div class="step pass-bg">
                    <span>When user will click on SignIn</span>
      <div>
      </div>
                  </div>
                  <div class="step pass-bg">
                    <span>Then user will select on I am teacher</span>
      <div>
      </div>
                  </div>
                  <div class="step pass-bg">
                    <span>Then user will click on SignUp Here</span>
      <div>
      </div>
                  </div>
                  <div class="step fail-bg">
                    <span>Then user enter the name Emma Johnson email emma.johnson@example.com phone 12345678912 feildAcademics subjectScience Passwsord 123456789 and Confrimpassword 123456789</span>
      <div>
        <textarea disabled class="code-block">org.openqa.selenium.NoSuchElementException: no such element: Unable to locate element: {"method":"xpath","selector":"//input[@id='phone']"}
  (Session info: chrome=129.0.6668.101)
For documentation on this error, please visit: https://www.selenium.dev/documentation/webdriver/troubleshooting/errors#no-such-element-exception
Build info: version: '4.25.0', revision: '8a8aea2337'
System info: os.name: 'Windows 11', os.arch: 'amd64', os.version: '10.0', java.version: '21.0.4'
Driver info: org.openqa.selenium.chrome.ChromeDriver
Command: [0df4111368018bb55b02f6d0e906726b, findElement {value=//input[@id='phone'], using=xpath}]
Capabilities {acceptInsecureCerts: false, browserName: chrome, browserVersion: 129.0.6668.101, chrome: {chromedriverVersion: 129.0.6668.100 (cf58cba358d..., userDataDir: C:\Users\HP\AppData\Local\T...}, fedcm:accounts: true, goog:chromeOptions: {debuggerAddress: localhost:54993}, networkConnectionEnabled: false, pageLoadStrategy: normal, platformName: windows, proxy: Proxy(), se:cdp: ws://localhost:54993/devtoo..., se:cdpVersion: 129.0.6668.101, setWindowRect: true, strictFileInteractability: false, timeouts: {implicit: 0, pageLoad: 300000, script: 30000}, unhandledPromptBehavior: dismiss and notify, webauthn:extension:credBlob: true, webauthn:extension:largeBlob: true, webauthn:extension:minPinLength: true, webauthn:extension:prf: true, webauthn:virtualAuthenticators: true}
Session ID: 0df4111368018bb55b02f6d0e906726b
	at java.base/jdk.internal.reflect.DirectConstructorHandleAccessor.newInstance(DirectConstructorHandleAccessor.java:62)
	at java.base/java.lang.reflect.Constructor.newInstanceWithCaller(Constructor.java:502)
	at java.base/java.lang.reflect.Constructor.newInstance(Constructor.java:486)
	at org.openqa.selenium.remote.ErrorCodec.decode(ErrorCodec.java:167)
	at org.openqa.selenium.remote.codec.w3c.W3CHttpResponseCodec.decode(W3CHttpResponseCodec.java:138)
	at org.openqa.selenium.remote.codec.w3c.W3CHttpResponseCodec.decode(W3CHttpResponseCodec.java:50)
	at org.openqa.selenium.remote.HttpCommandExecutor.execute(HttpCommandExecutor.java:190)
	at org.openqa.selenium.remote.service.DriverCommandExecutor.invokeExecute(DriverCommandExecutor.java:216)
	at org.openqa.selenium.remote.service.DriverCommandExecutor.execute(DriverCommandExecutor.java:174)
	at org.openqa.selenium.remote.RemoteWebDriver.execute(RemoteWebDriver.java:545)
	at org.openqa.selenium.remote.ElementLocation$ElementFinder$2.findElement(ElementLocation.java:165)
	at org.openqa.selenium.remote.ElementLocation.findElement(ElementLocation.java:59)
	at org.openqa.selenium.remote.RemoteWebDriver.findElement(RemoteWebDriver.java:368)
	at org.openqa.selenium.remote.RemoteWebDriver.findElement(RemoteWebDriver.java:362)
	at pageObjects.studentRegistration_PO.enterPhoneno(studentRegistration_PO.java:39)
	at stepDefinitions.studentRegistration_SD.validatecredentials(studentRegistration_SD.java:60)
	at ✽.user enter the name Emma Johnson email emma.johnson@example.com phone 12345678912 feildAcademics subjectScience Passwsord 123456789 and Confrimpassword 123456789(file:///C:/Project_TS_BDD/technobug/src/test/java/features/educatorRegistration.feature:61)
</textarea>
      
      </div>
                  </div>
                  <div class="step pass-bg">
                    <span>stepDefinitions.Hooks.AddScreenshot(io.cucumber.java.Scenario)</span>
      <div>image
          <div class="row mb-3"><div class="col-md-3">
    

<img data-featherlight='./screenshots/embedded5.png' src="./screenshots/embedded5.png">
  
    

    </div></div>
</div>
      <div>
      </div>
                  </div>
                  <div class="step skip-bg">
                    <span>And user will click on Check box</span>
      <div>Step skipped
      </div>
                  </div>
                  <div class="step skip-bg">
                    <span>And user will click on SignUp button directly</span>
      <div>Step skipped
      </div>
                  </div>
                  <div class="step skip-bg">
                    <span>Then the Please provide a valid Phone Number message should display</span>
      <div>Step skipped
      </div>
                  </div>
              </div>
            </div>
            <div class="card-body l1">
              <div class="card-header">
                <div class="card-title outline-child">
                  <div class="node" id="98"><span class="badge log fail-bg mr-2">Fail</span>User we enter wrong email format</div>
                    <div class="status-avatar float-right">
                      <i class="fa fa-paperclip"></i>
                    </div>
                </div>
              </div>
              <div class="card-body mt-3 ">
                  <div class="step pass-bg">
                    <span>Given user will enter the url and land on homepage</span>
      <div>
      </div>
                  </div>
                  <div class="step pass-bg">
                    <span>When user will click on SignIn</span>
      <div>
      </div>
                  </div>
                  <div class="step pass-bg">
                    <span>Then user will select on I am teacher</span>
      <div>
      </div>
                  </div>
                  <div class="step pass-bg">
                    <span>Then user will click on SignUp Here</span>
      <div>
      </div>
                  </div>
                  <div class="step fail-bg">
                    <span>Then user enter the name Emma Johnson email emma.johnson@example.com phone 1@34567891 feildAcademics subjectScience Passwsord 123456789 and Confrimpassword 123456789</span>
      <div>
        <textarea disabled class="code-block">org.openqa.selenium.NoSuchElementException: no such element: Unable to locate element: {"method":"xpath","selector":"//input[@id='phone']"}
  (Session info: chrome=129.0.6668.101)
For documentation on this error, please visit: https://www.selenium.dev/documentation/webdriver/troubleshooting/errors#no-such-element-exception
Build info: version: '4.25.0', revision: '8a8aea2337'
System info: os.name: 'Windows 11', os.arch: 'amd64', os.version: '10.0', java.version: '21.0.4'
Driver info: org.openqa.selenium.chrome.ChromeDriver
Command: [7d70c8710a0b318df9aa60238a1fe5b0, findElement {value=//input[@id='phone'], using=xpath}]
Capabilities {acceptInsecureCerts: false, browserName: chrome, browserVersion: 129.0.6668.101, chrome: {chromedriverVersion: 129.0.6668.100 (cf58cba358d..., userDataDir: C:\Users\HP\AppData\Local\T...}, fedcm:accounts: true, goog:chromeOptions: {debuggerAddress: localhost:55036}, networkConnectionEnabled: false, pageLoadStrategy: normal, platformName: windows, proxy: Proxy(), se:cdp: ws://localhost:55036/devtoo..., se:cdpVersion: 129.0.6668.101, setWindowRect: true, strictFileInteractability: false, timeouts: {implicit: 0, pageLoad: 300000, script: 30000}, unhandledPromptBehavior: dismiss and notify, webauthn:extension:credBlob: true, webauthn:extension:largeBlob: true, webauthn:extension:minPinLength: true, webauthn:extension:prf: true, webauthn:virtualAuthenticators: true}
Session ID: 7d70c8710a0b318df9aa60238a1fe5b0
	at java.base/jdk.internal.reflect.DirectConstructorHandleAccessor.newInstance(DirectConstructorHandleAccessor.java:62)
	at java.base/java.lang.reflect.Constructor.newInstanceWithCaller(Constructor.java:502)
	at java.base/java.lang.reflect.Constructor.newInstance(Constructor.java:486)
	at org.openqa.selenium.remote.ErrorCodec.decode(ErrorCodec.java:167)
	at org.openqa.selenium.remote.codec.w3c.W3CHttpResponseCodec.decode(W3CHttpResponseCodec.java:138)
	at org.openqa.selenium.remote.codec.w3c.W3CHttpResponseCodec.decode(W3CHttpResponseCodec.java:50)
	at org.openqa.selenium.remote.HttpCommandExecutor.execute(HttpCommandExecutor.java:190)
	at org.openqa.selenium.remote.service.DriverCommandExecutor.invokeExecute(DriverCommandExecutor.java:216)
	at org.openqa.selenium.remote.service.DriverCommandExecutor.execute(DriverCommandExecutor.java:174)
	at org.openqa.selenium.remote.RemoteWebDriver.execute(RemoteWebDriver.java:545)
	at org.openqa.selenium.remote.ElementLocation$ElementFinder$2.findElement(ElementLocation.java:165)
	at org.openqa.selenium.remote.ElementLocation.findElement(ElementLocation.java:59)
	at org.openqa.selenium.remote.RemoteWebDriver.findElement(RemoteWebDriver.java:368)
	at org.openqa.selenium.remote.RemoteWebDriver.findElement(RemoteWebDriver.java:362)
	at pageObjects.studentRegistration_PO.enterPhoneno(studentRegistration_PO.java:39)
	at stepDefinitions.studentRegistration_SD.validatecredentials(studentRegistration_SD.java:60)
	at ✽.user enter the name Emma Johnson email emma.johnson@example.com phone 1@34567891 feildAcademics subjectScience Passwsord 123456789 and Confrimpassword 123456789(file:///C:/Project_TS_BDD/technobug/src/test/java/features/educatorRegistration.feature:61)
</textarea>
      
      </div>
                  </div>
                  <div class="step pass-bg">
                    <span>stepDefinitions.Hooks.AddScreenshot(io.cucumber.java.Scenario)</span>
      <div>image
          <div class="row mb-3"><div class="col-md-3">
    

<img data-featherlight='./screenshots/embedded6.png' src="./screenshots/embedded6.png">
  
    

    </div></div>
</div>
      <div>
      </div>
                  </div>
                  <div class="step skip-bg">
                    <span>And user will click on Check box</span>
      <div>Step skipped
      </div>
                  </div>
                  <div class="step skip-bg">
                    <span>And user will click on SignUp button directly</span>
      <div>Step skipped
      </div>
                  </div>
                  <div class="step skip-bg">
                    <span>Then the Please provide a valid Phone Number message should display</span>
      <div>Step skipped
      </div>
                  </div>
              </div>
            </div>
            <div class="card-body l1">
              <div class="card-header">
                <div class="card-title outline-child">
                  <div class="node" id="117"><span class="badge log fail-bg mr-2">Fail</span>User we enter wrong email format</div>
                    <div class="status-avatar float-right">
                      <i class="fa fa-paperclip"></i>
                    </div>
                </div>
              </div>
              <div class="card-body mt-3 ">
                  <div class="step pass-bg">
                    <span>Given user will enter the url and land on homepage</span>
      <div>
      </div>
                  </div>
                  <div class="step pass-bg">
                    <span>When user will click on SignIn</span>
      <div>
      </div>
                  </div>
                  <div class="step pass-bg">
                    <span>Then user will select on I am teacher</span>
      <div>
      </div>
                  </div>
                  <div class="step pass-bg">
                    <span>Then user will click on SignUp Here</span>
      <div>
      </div>
                  </div>
                  <div class="step fail-bg">
                    <span>Then user enter the name Emma Johnson email emma.johnson@example.com phone 12345 6789 feildAcademics subjectScience Passwsord 123456789 and Confrimpassword 123456789</span>
      <div>
        <textarea disabled class="code-block">org.openqa.selenium.NoSuchElementException: no such element: Unable to locate element: {"method":"xpath","selector":"//input[@id='phone']"}
  (Session info: chrome=129.0.6668.101)
For documentation on this error, please visit: https://www.selenium.dev/documentation/webdriver/troubleshooting/errors#no-such-element-exception
Build info: version: '4.25.0', revision: '8a8aea2337'
System info: os.name: 'Windows 11', os.arch: 'amd64', os.version: '10.0', java.version: '21.0.4'
Driver info: org.openqa.selenium.chrome.ChromeDriver
Command: [d5ce87ac6e1ea46ae0c9ab76f0570eb4, findElement {value=//input[@id='phone'], using=xpath}]
Capabilities {acceptInsecureCerts: false, browserName: chrome, browserVersion: 129.0.6668.101, chrome: {chromedriverVersion: 129.0.6668.100 (cf58cba358d..., userDataDir: C:\Users\HP\AppData\Local\T...}, fedcm:accounts: true, goog:chromeOptions: {debuggerAddress: localhost:55084}, networkConnectionEnabled: false, pageLoadStrategy: normal, platformName: windows, proxy: Proxy(), se:cdp: ws://localhost:55084/devtoo..., se:cdpVersion: 129.0.6668.101, setWindowRect: true, strictFileInteractability: false, timeouts: {implicit: 0, pageLoad: 300000, script: 30000}, unhandledPromptBehavior: dismiss and notify, webauthn:extension:credBlob: true, webauthn:extension:largeBlob: true, webauthn:extension:minPinLength: true, webauthn:extension:prf: true, webauthn:virtualAuthenticators: true}
Session ID: d5ce87ac6e1ea46ae0c9ab76f0570eb4
	at java.base/jdk.internal.reflect.DirectConstructorHandleAccessor.newInstance(DirectConstructorHandleAccessor.java:62)
	at java.base/java.lang.reflect.Constructor.newInstanceWithCaller(Constructor.java:502)
	at java.base/java.lang.reflect.Constructor.newInstance(Constructor.java:486)
	at org.openqa.selenium.remote.ErrorCodec.decode(ErrorCodec.java:167)
	at org.openqa.selenium.remote.codec.w3c.W3CHttpResponseCodec.decode(W3CHttpResponseCodec.java:138)
	at org.openqa.selenium.remote.codec.w3c.W3CHttpResponseCodec.decode(W3CHttpResponseCodec.java:50)
	at org.openqa.selenium.remote.HttpCommandExecutor.execute(HttpCommandExecutor.java:190)
	at org.openqa.selenium.remote.service.DriverCommandExecutor.invokeExecute(DriverCommandExecutor.java:216)
	at org.openqa.selenium.remote.service.DriverCommandExecutor.execute(DriverCommandExecutor.java:174)
	at org.openqa.selenium.remote.RemoteWebDriver.execute(RemoteWebDriver.java:545)
	at org.openqa.selenium.remote.ElementLocation$ElementFinder$2.findElement(ElementLocation.java:165)
	at org.openqa.selenium.remote.ElementLocation.findElement(ElementLocation.java:59)
	at org.openqa.selenium.remote.RemoteWebDriver.findElement(RemoteWebDriver.java:368)
	at org.openqa.selenium.remote.RemoteWebDriver.findElement(RemoteWebDriver.java:362)
	at pageObjects.studentRegistration_PO.enterPhoneno(studentRegistration_PO.java:39)
	at stepDefinitions.studentRegistration_SD.validatecredentials(studentRegistration_SD.java:60)
	at ✽.user enter the name Emma Johnson email emma.johnson@example.com phone 12345 6789 feildAcademics subjectScience Passwsord 123456789 and Confrimpassword 123456789(file:///C:/Project_TS_BDD/technobug/src/test/java/features/educatorRegistration.feature:61)
</textarea>
      
      </div>
                  </div>
                  <div class="step pass-bg">
                    <span>stepDefinitions.Hooks.AddScreenshot(io.cucumber.java.Scenario)</span>
      <div>image
          <div class="row mb-3"><div class="col-md-3">
    

<img data-featherlight='./screenshots/embedded7.png' src="./screenshots/embedded7.png">
  
    

    </div></div>
</div>
      <div>
      </div>
                  </div>
                  <div class="step skip-bg">
                    <span>And user will click on Check box</span>
      <div>Step skipped
      </div>
                  </div>
                  <div class="step skip-bg">
                    <span>And user will click on SignUp button directly</span>
      <div>Step skipped
      </div>
                  </div>
                  <div class="step skip-bg">
                    <span>Then the Please provide a valid Phone Number message should display</span>
      <div>Step skipped
      </div>
                  </div>
              </div>
            </div>
            <div class="card-body l1">
              <div class="card-header">
                <div class="card-title outline-child">
                  <div class="node" id="136"><span class="badge log fail-bg mr-2">Fail</span>User we enter wrong email format</div>
                    <div class="status-avatar float-right">
                      <i class="fa fa-paperclip"></i>
                    </div>
                </div>
              </div>
              <div class="card-body mt-3 ">
                  <div class="step pass-bg">
                    <span>Given user will enter the url and land on homepage</span>
      <div>
      </div>
                  </div>
                  <div class="step pass-bg">
                    <span>When user will click on SignIn</span>
      <div>
      </div>
                  </div>
                  <div class="step pass-bg">
                    <span>Then user will select on I am teacher</span>
      <div>
      </div>
                  </div>
                  <div class="step pass-bg">
                    <span>Then user will click on SignUp Here</span>
      <div>
      </div>
                  </div>
                  <div class="step fail-bg">
                    <span>Then user enter the name Emma Johnson email emma.johnson@example.com phone 1@34@6789 feildAcademics subjectScience Passwsord 123456789 and Confrimpassword 123456789</span>
      <div>
        <textarea disabled class="code-block">org.openqa.selenium.NoSuchElementException: no such element: Unable to locate element: {"method":"xpath","selector":"//input[@id='phone']"}
  (Session info: chrome=129.0.6668.101)
For documentation on this error, please visit: https://www.selenium.dev/documentation/webdriver/troubleshooting/errors#no-such-element-exception
Build info: version: '4.25.0', revision: '8a8aea2337'
System info: os.name: 'Windows 11', os.arch: 'amd64', os.version: '10.0', java.version: '21.0.4'
Driver info: org.openqa.selenium.chrome.ChromeDriver
Command: [474fdbe7f502871b8b2833d68b680cfe, findElement {value=//input[@id='phone'], using=xpath}]
Capabilities {acceptInsecureCerts: false, browserName: chrome, browserVersion: 129.0.6668.101, chrome: {chromedriverVersion: 129.0.6668.100 (cf58cba358d..., userDataDir: C:\Users\HP\AppData\Local\T...}, fedcm:accounts: true, goog:chromeOptions: {debuggerAddress: localhost:55136}, networkConnectionEnabled: false, pageLoadStrategy: normal, platformName: windows, proxy: Proxy(), se:cdp: ws://localhost:55136/devtoo..., se:cdpVersion: 129.0.6668.101, setWindowRect: true, strictFileInteractability: false, timeouts: {implicit: 0, pageLoad: 300000, script: 30000}, unhandledPromptBehavior: dismiss and notify, webauthn:extension:credBlob: true, webauthn:extension:largeBlob: true, webauthn:extension:minPinLength: true, webauthn:extension:prf: true, webauthn:virtualAuthenticators: true}
Session ID: 474fdbe7f502871b8b2833d68b680cfe
	at java.base/jdk.internal.reflect.DirectConstructorHandleAccessor.newInstance(DirectConstructorHandleAccessor.java:62)
	at java.base/java.lang.reflect.Constructor.newInstanceWithCaller(Constructor.java:502)
	at java.base/java.lang.reflect.Constructor.newInstance(Constructor.java:486)
	at org.openqa.selenium.remote.ErrorCodec.decode(ErrorCodec.java:167)
	at org.openqa.selenium.remote.codec.w3c.W3CHttpResponseCodec.decode(W3CHttpResponseCodec.java:138)
	at org.openqa.selenium.remote.codec.w3c.W3CHttpResponseCodec.decode(W3CHttpResponseCodec.java:50)
	at org.openqa.selenium.remote.HttpCommandExecutor.execute(HttpCommandExecutor.java:190)
	at org.openqa.selenium.remote.service.DriverCommandExecutor.invokeExecute(DriverCommandExecutor.java:216)
	at org.openqa.selenium.remote.service.DriverCommandExecutor.execute(DriverCommandExecutor.java:174)
	at org.openqa.selenium.remote.RemoteWebDriver.execute(RemoteWebDriver.java:545)
	at org.openqa.selenium.remote.ElementLocation$ElementFinder$2.findElement(ElementLocation.java:165)
	at org.openqa.selenium.remote.ElementLocation.findElement(ElementLocation.java:59)
	at org.openqa.selenium.remote.RemoteWebDriver.findElement(RemoteWebDriver.java:368)
	at org.openqa.selenium.remote.RemoteWebDriver.findElement(RemoteWebDriver.java:362)
	at pageObjects.studentRegistration_PO.enterPhoneno(studentRegistration_PO.java:39)
	at stepDefinitions.studentRegistration_SD.validatecredentials(studentRegistration_SD.java:60)
	at ✽.user enter the name Emma Johnson email emma.johnson@example.com phone 1@34@6789 feildAcademics subjectScience Passwsord 123456789 and Confrimpassword 123456789(file:///C:/Project_TS_BDD/technobug/src/test/java/features/educatorRegistration.feature:61)
</textarea>
      
      </div>
                  </div>
                  <div class="step pass-bg">
                    <span>stepDefinitions.Hooks.AddScreenshot(io.cucumber.java.Scenario)</span>
      <div>image
          <div class="row mb-3"><div class="col-md-3">
    

<img data-featherlight='./screenshots/embedded8.png' src="./screenshots/embedded8.png">
  
    

    </div></div>
</div>
      <div>
      </div>
                  </div>
                  <div class="step skip-bg">
                    <span>And user will click on Check box</span>
      <div>Step skipped
      </div>
                  </div>
                  <div class="step skip-bg">
                    <span>And user will click on SignUp button directly</span>
      <div>Step skipped
      </div>
                  </div>
                  <div class="step skip-bg">
                    <span>Then the Please provide a valid Phone Number message should display</span>
      <div>Step skipped
      </div>
                  </div>
              </div>
            </div>
            <div class="card-body l1">
              <div class="card-header">
                <div class="card-title outline-child">
                  <div class="node" id="155"><span class="badge log fail-bg mr-2">Fail</span>User we enter wrong email format</div>
                    <div class="status-avatar float-right">
                      <i class="fa fa-paperclip"></i>
                    </div>
                </div>
              </div>
              <div class="card-body mt-3 ">
                  <div class="step pass-bg">
                    <span>Given user will enter the url and land on homepage</span>
      <div>
      </div>
                  </div>
                  <div class="step pass-bg">
                    <span>When user will click on SignIn</span>
      <div>
      </div>
                  </div>
                  <div class="step pass-bg">
                    <span>Then user will select on I am teacher</span>
      <div>
      </div>
                  </div>
                  <div class="step pass-bg">
                    <span>Then user will click on SignUp Here</span>
      <div>
      </div>
                  </div>
                  <div class="step fail-bg">
                    <span>Then user enter the name Emma Johnson email emma.johnson@example.com phone 1234567891 feildAcademics subjectScience Passwsord 1234567 and Confrimpassword 1234567</span>
      <div>
        <textarea disabled class="code-block">org.openqa.selenium.NoSuchElementException: no such element: Unable to locate element: {"method":"xpath","selector":"//input[@id='phone']"}
  (Session info: chrome=129.0.6668.101)
For documentation on this error, please visit: https://www.selenium.dev/documentation/webdriver/troubleshooting/errors#no-such-element-exception
Build info: version: '4.25.0', revision: '8a8aea2337'
System info: os.name: 'Windows 11', os.arch: 'amd64', os.version: '10.0', java.version: '21.0.4'
Driver info: org.openqa.selenium.chrome.ChromeDriver
Command: [3d69ac4bd8b4e3e92912c89efdab1a55, findElement {value=//input[@id='phone'], using=xpath}]
Capabilities {acceptInsecureCerts: false, browserName: chrome, browserVersion: 129.0.6668.101, chrome: {chromedriverVersion: 129.0.6668.100 (cf58cba358d..., userDataDir: C:\Users\HP\AppData\Local\T...}, fedcm:accounts: true, goog:chromeOptions: {debuggerAddress: localhost:55186}, networkConnectionEnabled: false, pageLoadStrategy: normal, platformName: windows, proxy: Proxy(), se:cdp: ws://localhost:55186/devtoo..., se:cdpVersion: 129.0.6668.101, setWindowRect: true, strictFileInteractability: false, timeouts: {implicit: 0, pageLoad: 300000, script: 30000}, unhandledPromptBehavior: dismiss and notify, webauthn:extension:credBlob: true, webauthn:extension:largeBlob: true, webauthn:extension:minPinLength: true, webauthn:extension:prf: true, webauthn:virtualAuthenticators: true}
Session ID: 3d69ac4bd8b4e3e92912c89efdab1a55
	at java.base/jdk.internal.reflect.DirectConstructorHandleAccessor.newInstance(DirectConstructorHandleAccessor.java:62)
	at java.base/java.lang.reflect.Constructor.newInstanceWithCaller(Constructor.java:502)
	at java.base/java.lang.reflect.Constructor.newInstance(Constructor.java:486)
	at org.openqa.selenium.remote.ErrorCodec.decode(ErrorCodec.java:167)
	at org.openqa.selenium.remote.codec.w3c.W3CHttpResponseCodec.decode(W3CHttpResponseCodec.java:138)
	at org.openqa.selenium.remote.codec.w3c.W3CHttpResponseCodec.decode(W3CHttpResponseCodec.java:50)
	at org.openqa.selenium.remote.HttpCommandExecutor.execute(HttpCommandExecutor.java:190)
	at org.openqa.selenium.remote.service.DriverCommandExecutor.invokeExecute(DriverCommandExecutor.java:216)
	at org.openqa.selenium.remote.service.DriverCommandExecutor.execute(DriverCommandExecutor.java:174)
	at org.openqa.selenium.remote.RemoteWebDriver.execute(RemoteWebDriver.java:545)
	at org.openqa.selenium.remote.ElementLocation$ElementFinder$2.findElement(ElementLocation.java:165)
	at org.openqa.selenium.remote.ElementLocation.findElement(ElementLocation.java:59)
	at org.openqa.selenium.remote.RemoteWebDriver.findElement(RemoteWebDriver.java:368)
	at org.openqa.selenium.remote.RemoteWebDriver.findElement(RemoteWebDriver.java:362)
	at pageObjects.studentRegistration_PO.enterPhoneno(studentRegistration_PO.java:39)
	at stepDefinitions.studentRegistration_SD.validatecredentials(studentRegistration_SD.java:60)
	at ✽.user enter the name Emma Johnson email emma.johnson@example.com phone 1234567891 feildAcademics subjectScience Passwsord 1234567 and Confrimpassword 1234567(file:///C:/Project_TS_BDD/technobug/src/test/java/features/educatorRegistration.feature:61)
</textarea>
      
      </div>
                  </div>
                  <div class="step pass-bg">
                    <span>stepDefinitions.Hooks.AddScreenshot(io.cucumber.java.Scenario)</span>
      <div>image
          <div class="row mb-3"><div class="col-md-3">
    

<img data-featherlight='./screenshots/embedded9.png' src="./screenshots/embedded9.png">
  
    

    </div></div>
</div>
      <div>
      </div>
                  </div>
                  <div class="step skip-bg">
                    <span>And user will click on Check box</span>
      <div>Step skipped
      </div>
                  </div>
                  <div class="step skip-bg">
                    <span>And user will click on SignUp button directly</span>
      <div>Step skipped
      </div>
                  </div>
                  <div class="step skip-bg">
                    <span>Then the Password length must be at least 8 chars message should display</span>
      <div>Step skipped
      </div>
                  </div>
              </div>
            </div>
            <div class="card-body l1">
              <div class="card-header">
                <div class="card-title outline-child">
                  <div class="node" id="174"><span class="badge log fail-bg mr-2">Fail</span>User we enter wrong email format</div>
                    <div class="status-avatar float-right">
                      <i class="fa fa-paperclip"></i>
                    </div>
                </div>
              </div>
              <div class="card-body mt-3 ">
                  <div class="step pass-bg">
                    <span>Given user will enter the url and land on homepage</span>
      <div>
      </div>
                  </div>
                  <div class="step pass-bg">
                    <span>When user will click on SignIn</span>
      <div>
      </div>
                  </div>
                  <div class="step pass-bg">
                    <span>Then user will select on I am teacher</span>
      <div>
      </div>
                  </div>
                  <div class="step pass-bg">
                    <span>Then user will click on SignUp Here</span>
      <div>
      </div>
                  </div>
                  <div class="step fail-bg">
                    <span>Then user enter the name Emma Johnson email emma.johnson@example.com phone 1234567891 feildAcademics subjectScience Passwsord 12345   67 and Confrimpassword 1234   567</span>
      <div>
        <textarea disabled class="code-block">org.openqa.selenium.NoSuchElementException: no such element: Unable to locate element: {"method":"xpath","selector":"//input[@id='phone']"}
  (Session info: chrome=129.0.6668.101)
For documentation on this error, please visit: https://www.selenium.dev/documentation/webdriver/troubleshooting/errors#no-such-element-exception
Build info: version: '4.25.0', revision: '8a8aea2337'
System info: os.name: 'Windows 11', os.arch: 'amd64', os.version: '10.0', java.version: '21.0.4'
Driver info: org.openqa.selenium.chrome.ChromeDriver
Command: [64c95174fbc3aa381cd1d9fdc8547b88, findElement {value=//input[@id='phone'], using=xpath}]
Capabilities {acceptInsecureCerts: false, browserName: chrome, browserVersion: 129.0.6668.101, chrome: {chromedriverVersion: 129.0.6668.100 (cf58cba358d..., userDataDir: C:\Users\HP\AppData\Local\T...}, fedcm:accounts: true, goog:chromeOptions: {debuggerAddress: localhost:55227}, networkConnectionEnabled: false, pageLoadStrategy: normal, platformName: windows, proxy: Proxy(), se:cdp: ws://localhost:55227/devtoo..., se:cdpVersion: 129.0.6668.101, setWindowRect: true, strictFileInteractability: false, timeouts: {implicit: 0, pageLoad: 300000, script: 30000}, unhandledPromptBehavior: dismiss and notify, webauthn:extension:credBlob: true, webauthn:extension:largeBlob: true, webauthn:extension:minPinLength: true, webauthn:extension:prf: true, webauthn:virtualAuthenticators: true}
Session ID: 64c95174fbc3aa381cd1d9fdc8547b88
	at java.base/jdk.internal.reflect.DirectConstructorHandleAccessor.newInstance(DirectConstructorHandleAccessor.java:62)
	at java.base/java.lang.reflect.Constructor.newInstanceWithCaller(Constructor.java:502)
	at java.base/java.lang.reflect.Constructor.newInstance(Constructor.java:486)
	at org.openqa.selenium.remote.ErrorCodec.decode(ErrorCodec.java:167)
	at org.openqa.selenium.remote.codec.w3c.W3CHttpResponseCodec.decode(W3CHttpResponseCodec.java:138)
	at org.openqa.selenium.remote.codec.w3c.W3CHttpResponseCodec.decode(W3CHttpResponseCodec.java:50)
	at org.openqa.selenium.remote.HttpCommandExecutor.execute(HttpCommandExecutor.java:190)
	at org.openqa.selenium.remote.service.DriverCommandExecutor.invokeExecute(DriverCommandExecutor.java:216)
	at org.openqa.selenium.remote.service.DriverCommandExecutor.execute(DriverCommandExecutor.java:174)
	at org.openqa.selenium.remote.RemoteWebDriver.execute(RemoteWebDriver.java:545)
	at org.openqa.selenium.remote.ElementLocation$ElementFinder$2.findElement(ElementLocation.java:165)
	at org.openqa.selenium.remote.ElementLocation.findElement(ElementLocation.java:59)
	at org.openqa.selenium.remote.RemoteWebDriver.findElement(RemoteWebDriver.java:368)
	at org.openqa.selenium.remote.RemoteWebDriver.findElement(RemoteWebDriver.java:362)
	at pageObjects.studentRegistration_PO.enterPhoneno(studentRegistration_PO.java:39)
	at stepDefinitions.studentRegistration_SD.validatecredentials(studentRegistration_SD.java:60)
	at ✽.user enter the name Emma Johnson email emma.johnson@example.com phone 1234567891 feildAcademics subjectScience Passwsord 12345   67 and Confrimpassword 1234   567(file:///C:/Project_TS_BDD/technobug/src/test/java/features/educatorRegistration.feature:61)
</textarea>
      
      </div>
                  </div>
                  <div class="step pass-bg">
                    <span>stepDefinitions.Hooks.AddScreenshot(io.cucumber.java.Scenario)</span>
      <div>image
          <div class="row mb-3"><div class="col-md-3">
    

<img data-featherlight='./screenshots/embedded10.png' src="./screenshots/embedded10.png">
  
    

    </div></div>
</div>
      <div>
      </div>
                  </div>
                  <div class="step skip-bg">
                    <span>And user will click on Check box</span>
      <div>Step skipped
      </div>
                  </div>
                  <div class="step skip-bg">
                    <span>And user will click on SignUp button directly</span>
      <div>Step skipped
      </div>
                  </div>
                  <div class="step skip-bg">
                    <span>Then the Password length must be at least 8 chars message should display</span>
      <div>Step skipped
      </div>
                  </div>
              </div>
            </div>
        </div>
  </div>
</div>
          </div>
        </li>
      </ul>
    </div>
  </div>
<div class="test-content scrollable">
<div class="test-content-tools">
<ul><li><a class="back-to-test" href="#"><i class="fa fa-arrow-left"></i></a></li></ul>
</div>
<div class="test-content-detail"><div class="detail-body"></div></div>
</div></div>
<div class="test-wrapper row view exception-view attributes-view">
<div class="test-list">
<div class="test-list-tools">
<ul class="tools pull-left"><li><a href=""><span class="font-size-14">Exception</span></a></li></ul>
<ul class="tools text-right"><li><a href="#"><span class="badge badge-primary">1</span></a></li></ul>
</div>
<div class="test-list-wrapper scrollable">
<ul class="test-list-item">
<li class="test-item">
<div class="test-detail">
<span class="meta">
<span class='badge log badge-danger'>10</span>
</span>
<p class="name">org.openqa.selenium.NoSuchElementException</p>
<p class="duration text-sm">10 tests</p>
</div>
<div class="test-contents d-none">
<div class="info">
<h4>org.openqa.selenium.NoSuchElementException</h4>
<span status="fail" class='badge log badge-danger'>10 failed</span>
</div>
<table class='table table-sm mt-4'>
<thead>
<tr>
<th class="status-col">Status</th>
<th class="timestamp-col">Timestamp</th>
<th>TestName</th>
</tr>
</thead>
<tbody>
<tr class="tag-test-status" status="fail">
<td><span class="badge log fail-bg">Fail</span></td>
<td>17:58:55 pm</td>
<td>
<a href="#" class="linked" test-id='1' id='13'>Then user enter the name Emma Johnson email emma.johnsonexample.com phone 1234567891 feildAcademics subjectScience Passwsord 123456789 and Confrimpassword 123456789</a>
<div class="">
<span class="badge badge-default">Educator Registration Page.User we enter wrong email format.Then user enter the name Emma Johnson email emma.johnsonexample.com phone 1234567891 feildAcademics subjectScience Passwsord 123456789 and Confrimpassword 123456789</span>
</div>
</td>
</tr>
<tr class="tag-test-status" status="fail">
<td><span class="badge log fail-bg">Fail</span></td>
<td>17:59:05 pm</td>
<td>
<a href="#" class="linked" test-id='1' id='32'>Then user enter the name Emma Johnson email emma.johnson@examplecom phone 1234567891 feildAcademics subjectScience Passwsord 123456789 and Confrimpassword 123456789</a>
<div class="">
<span class="badge badge-default">Educator Registration Page.User we enter wrong email format.Then user enter the name Emma Johnson email emma.johnson@examplecom phone 1234567891 feildAcademics subjectScience Passwsord 123456789 and Confrimpassword 123456789</span>
</div>
</td>
</tr>
<tr class="tag-test-status" status="fail">
<td><span class="badge log fail-bg">Fail</span></td>
<td>17:59:22 pm</td>
<td>
<a href="#" class="linked" test-id='1' id='51'>Then user enter the name Emma Johnson email emma johnson@examplecom phone 1234567891 feildAcademics subjectScience Passwsord 123456789 and Confrimpassword 123456789</a>
<div class="">
<span class="badge badge-default">Educator Registration Page.User we enter wrong email format.Then user enter the name Emma Johnson email emma johnson@examplecom phone 1234567891 feildAcademics subjectScience Passwsord 123456789 and Confrimpassword 123456789</span>
</div>
</td>
</tr>
<tr class="tag-test-status" status="fail">
<td><span class="badge log fail-bg">Fail</span></td>
<td>17:59:31 pm</td>
<td>
<a href="#" class="linked" test-id='1' id='70'>Then user enter the name Emma Johnson email emma.johnson@example.com phone 123456789 feildAcademics subjectScience Passwsord 123456789 and Confrimpassword 123456789</a>
<div class="">
<span class="badge badge-default">Educator Registration Page.User we enter wrong email format.Then user enter the name Emma Johnson email emma.johnson@example.com phone 123456789 feildAcademics subjectScience Passwsord 123456789 and Confrimpassword 123456789</span>
</div>
</td>
</tr>
<tr class="tag-test-status" status="fail">
<td><span class="badge log fail-bg">Fail</span></td>
<td>17:59:42 pm</td>
<td>
<a href="#" class="linked" test-id='1' id='89'>Then user enter the name Emma Johnson email emma.johnson@example.com phone 12345678912 feildAcademics subjectScience Passwsord 123456789 and Confrimpassword 123456789</a>
<div class="">
<span class="badge badge-default">Educator Registration Page.User we enter wrong email format.Then user enter the name Emma Johnson email emma.johnson@example.com phone 12345678912 feildAcademics subjectScience Passwsord 123456789 and Confrimpassword 123456789</span>
</div>
</td>
</tr>
<tr class="tag-test-status" status="fail">
<td><span class="badge log fail-bg">Fail</span></td>
<td>17:59:58 pm</td>
<td>
<a href="#" class="linked" test-id='1' id='108'>Then user enter the name Emma Johnson email emma.johnson@example.com phone 1@34567891 feildAcademics subjectScience Passwsord 123456789 and Confrimpassword 123456789</a>
<div class="">
<span class="badge badge-default">Educator Registration Page.User we enter wrong email format.Then user enter the name Emma Johnson email emma.johnson@example.com phone 1@34567891 feildAcademics subjectScience Passwsord 123456789 and Confrimpassword 123456789</span>
</div>
</td>
</tr>
<tr class="tag-test-status" status="fail">
<td><span class="badge log fail-bg">Fail</span></td>
<td>18:00:10 pm</td>
<td>
<a href="#" class="linked" test-id='1' id='127'>Then user enter the name Emma Johnson email emma.johnson@example.com phone 12345 6789 feildAcademics subjectScience Passwsord 123456789 and Confrimpassword 123456789</a>
<div class="">
<span class="badge badge-default">Educator Registration Page.User we enter wrong email format.Then user enter the name Emma Johnson email emma.johnson@example.com phone 12345 6789 feildAcademics subjectScience Passwsord 123456789 and Confrimpassword 123456789</span>
</div>
</td>
</tr>
<tr class="tag-test-status" status="fail">
<td><span class="badge log fail-bg">Fail</span></td>
<td>18:00:20 pm</td>
<td>
<a href="#" class="linked" test-id='1' id='146'>Then user enter the name Emma Johnson email emma.johnson@example.com phone 1@34@6789 feildAcademics subjectScience Passwsord 123456789 and Confrimpassword 123456789</a>
<div class="">
<span class="badge badge-default">Educator Registration Page.User we enter wrong email format.Then user enter the name Emma Johnson email emma.johnson@example.com phone 1@34@6789 feildAcademics subjectScience Passwsord 123456789 and Confrimpassword 123456789</span>
</div>
</td>
</tr>
<tr class="tag-test-status" status="fail">
<td><span class="badge log fail-bg">Fail</span></td>
<td>18:00:35 pm</td>
<td>
<a href="#" class="linked" test-id='1' id='165'>Then user enter the name Emma Johnson email emma.johnson@example.com phone 1234567891 feildAcademics subjectScience Passwsord 1234567 and Confrimpassword 1234567</a>
<div class="">
<span class="badge badge-default">Educator Registration Page.User we enter wrong email format.Then user enter the name Emma Johnson email emma.johnson@example.com phone 1234567891 feildAcademics subjectScience Passwsord 1234567 and Confrimpassword 1234567</span>
</div>
</td>
</tr>
<tr class="tag-test-status" status="fail">
<td><span class="badge log fail-bg">Fail</span></td>
<td>18:00:46 pm</td>
<td>
<a href="#" class="linked" test-id='1' id='184'>Then user enter the name Emma Johnson email emma.johnson@example.com phone 1234567891 feildAcademics subjectScience Passwsord 12345 67 and Confrimpassword 1234 567</a>
<div class="">
<span class="badge badge-default">Educator Registration Page.User we enter wrong email format.Then user enter the name Emma Johnson email emma.johnson@example.com phone 1234567891 feildAcademics subjectScience Passwsord 12345 67 and Confrimpassword 1234 567</span>
</div>
</td>
</tr>
</tbody>
</table>
</div>
</li>
</ul>
</div>
</div>
<div class="test-content scrollable">
<div class="test-content-detail">
<div class="detail-body"></div>
</div>
</div>
</div><div class="test-wrapper row view category-view attributes-view">
<div class="test-list">
<div class="test-list-tools">
<ul class="tools pull-left"><li><a href=""><span class="font-size-14">Category</span></a></li></ul>
<ul class="tools text-right"><li><a href="#"><span class="badge badge-primary">1</span></a></li></ul>
</div>
<div class="test-list-wrapper scrollable">
<ul class="test-list-item">
<li class="test-item">
<div class="test-detail">
<span class="meta">
<span class='badge log badge-danger'>10</span>
</span>
<p class="name">@Educator</p>
<p class="duration text-sm">10 tests</p>
</div>
<div class="test-contents d-none">
<div class="info">
<h4>@Educator</h4>
<span status="fail" class='badge log badge-danger'>10 failed</span>
</div>
<table class='table table-sm mt-4'>
<thead>
<tr>
<th class="status-col">Status</th>
<th class="timestamp-col">Timestamp</th>
<th>TestName</th>
</tr>
</thead>
<tbody>
<tr class="tag-test-status" status="fail">
<td><span class="badge log fail-bg">Fail</span></td>
<td>17:58:44 pm</td>
<td>
<a href="#" class="linked" test-id='1' id='3'>User we enter wrong email format</a>
<div class="">
<span class="badge badge-default">Educator Registration Page.User we enter wrong email format</span>
</div>
</td>
</tr>
<tr class="tag-test-status" status="fail">
<td><span class="badge log fail-bg">Fail</span></td>
<td>17:59:01 pm</td>
<td>
<a href="#" class="linked" test-id='1' id='22'>User we enter wrong email format</a>
<div class="">
<span class="badge badge-default">Educator Registration Page.User we enter wrong email format</span>
</div>
</td>
</tr>
<tr class="tag-test-status" status="fail">
<td><span class="badge log fail-bg">Fail</span></td>
<td>17:59:11 pm</td>
<td>
<a href="#" class="linked" test-id='1' id='41'>User we enter wrong email format</a>
<div class="">
<span class="badge badge-default">Educator Registration Page.User we enter wrong email format</span>
</div>
</td>
</tr>
<tr class="tag-test-status" status="fail">
<td><span class="badge log fail-bg">Fail</span></td>
<td>17:59:28 pm</td>
<td>
<a href="#" class="linked" test-id='1' id='60'>User we enter wrong email format</a>
<div class="">
<span class="badge badge-default">Educator Registration Page.User we enter wrong email format</span>
</div>
</td>
</tr>
<tr class="tag-test-status" status="fail">
<td><span class="badge log fail-bg">Fail</span></td>
<td>17:59:37 pm</td>
<td>
<a href="#" class="linked" test-id='1' id='79'>User we enter wrong email format</a>
<div class="">
<span class="badge badge-default">Educator Registration Page.User we enter wrong email format</span>
</div>
</td>
</tr>
<tr class="tag-test-status" status="fail">
<td><span class="badge log fail-bg">Fail</span></td>
<td>17:59:48 pm</td>
<td>
<a href="#" class="linked" test-id='1' id='98'>User we enter wrong email format</a>
<div class="">
<span class="badge badge-default">Educator Registration Page.User we enter wrong email format</span>
</div>
</td>
</tr>
<tr class="tag-test-status" status="fail">
<td><span class="badge log fail-bg">Fail</span></td>
<td>18:00:04 pm</td>
<td>
<a href="#" class="linked" test-id='1' id='117'>User we enter wrong email format</a>
<div class="">
<span class="badge badge-default">Educator Registration Page.User we enter wrong email format</span>
</div>
</td>
</tr>
<tr class="tag-test-status" status="fail">
<td><span class="badge log fail-bg">Fail</span></td>
<td>18:00:16 pm</td>
<td>
<a href="#" class="linked" test-id='1' id='136'>User we enter wrong email format</a>
<div class="">
<span class="badge badge-default">Educator Registration Page.User we enter wrong email format</span>
</div>
</td>
</tr>
<tr class="tag-test-status" status="fail">
<td><span class="badge log fail-bg">Fail</span></td>
<td>18:00:26 pm</td>
<td>
<a href="#" class="linked" test-id='1' id='155'>User we enter wrong email format</a>
<div class="">
<span class="badge badge-default">Educator Registration Page.User we enter wrong email format</span>
</div>
</td>
</tr>
<tr class="tag-test-status" status="fail">
<td><span class="badge log fail-bg">Fail</span></td>
<td>18:00:42 pm</td>
<td>
<a href="#" class="linked" test-id='1' id='174'>User we enter wrong email format</a>
<div class="">
<span class="badge badge-default">Educator Registration Page.User we enter wrong email format</span>
</div>
</td>
</tr>
</tbody>
</table>
</div>
</li>
</ul>
</div>
</div>
<div class="test-content scrollable">
<div class="test-content-detail">
<div class="detail-body"></div>
</div>
</div>
</div><div class="container-fluid p-4 view dashboard-view">
<div class="row">
<div class="col-md-3">
<div class="card"><div class="card-body">
<p class="m-b-0">Started</p>
<h3>Oct 23, 2024 05:58:43 pm</h3>
</div></div>
</div>
<div class="col-md-3">
<div class="card"><div class="card-body">
<p class="m-b-0">Ended</p>
<h3>Oct 23, 2024 06:00:52 pm</h3>
</div></div>
</div>
<div class="col-md-3">
<div class="card"><div class="card-body">
<p class="m-b-0 text-pass">Features Passed</p>
<h3>0</h3>
</div></div>
</div>
<div class="col-md-3">
<div class="card"><div class="card-body">
<p class="m-b-0 text-fail">Features Failed</p>
<h3>1</h3>
</div></div>
</div>
</div>
<div class="row">
<div class="col-md-4">
<div class="card">
<div class="card-header">
<h6 class="card-title">Features</h6>
</div>
<div class="card-body">
<div class="">
<canvas id='parent-analysis' width='115' height='90'></canvas>
</div>
</div>
<div class="card-footer">
<div><small data-tooltip='0%'>
<b>0</b> features passed
</small>
</div>
<div>
<small data-tooltip='100%'><b>1</b> features failed,
<b>0</b> skipped, <b data-tooltip='0%'>0</b> others
</small>
</div>
</div>
</div>
</div>
<div class="col-md-4">
<div class="card">
<div class="card-header">
<h6 class="card-title">Scenarios</h6>
</div>
<div class="card-body">
<div class="">
<canvas id='child-analysis' width='115' height='90'></canvas>
</div>
</div>
<div class="card-footer">
<div><small data-tooltip='0%'><b>0</b> scenarios passed</small></div>
<div>
<small data-tooltip='100%'><b>10</b> scenarios failed,
<b>0</b> skipped, <b data-tooltip='%'>0</b> others
</small>
</div>
</div>
</div>
</div>
<div class="col-md-4">
<div class="card">
<div class="card-header">
<h6 class="card-title">Steps</h6>
</div>
<div class="card-body">
<div class="">
<canvas id='grandchild-analysis' width='115' height='90'></canvas>
</div>
</div>
<div class="card-footer">
<div><small data-tooltip='55%'><b>50</b> steps passed</small></div>
<div>
<small data-tooltip='11%'><b>10</b> steps failed,
<b>30</b> skipped, <b data-tooltip='%'>0</b> others
</small>
</div>
</div>
</div>
</div>
</div>
<div class="row"><div class="col-md-12">
<div class="card"><div class="card-header"><p>Timeline</p></div>
<div class="card-body pt-0"><div>
<canvas id="timeline" height="120"></canvas>
</div></div>
</div>
</div></div>
<script>
var timeline = {
"Educator Registration Page":128.463
};
</script>
<div class="row">
<div class="col-lg-6 col-md-12 category-container">
<div class="card">
<div class="card-header"><p>Tags</p></div>
<div class="card-body pb-0 pt-0"><table class="table table-sm table-bordered">
<thead><tr class="bg-gray"><th>Name</th><th>Passed</th><th>Failed</th><th>Skipped</th><th>Others</th><th>Passed %</th></tr></thead><tbody>
<tr>
<td>@Educator</td>
<td>0</td>
<td>10</td>
<td>0</td>
<td>0</td>
<td>0%</td>
</tr>
</tbody>
</table></div>
</div>
</div>
</div>
</div>
<script>
var statusGroup = {
parentCount: 5,
passParent: 0,
failParent: 1,
warningParent: 0,
skipParent: 0,
childCount: 5,
passChild: 0,
failChild: 10,
warningChild: 0,
skipChild: 0,
infoChild: 0,
grandChildCount: 5,
passGrandChild: 50,
failGrandChild: 10,
warningGrandChild: 0,
skipGrandChild: 30,
infoGrandChild: 0,
eventsCount: 5,
};
</script>        </div>
      </div>
    </div>
  </div>
<script src="https://cdn.jsdelivr.net/gh/extent-framework/extent-github-cdn@c05cd28cde1617b9d0c05a831daff6cb97fd9fd5/spark/js/spark-script.js"></script>
<script type="text/javascript"></script></body>
</html>