<?xml version="1.0" encoding="UTF-8"?>
<testng-results ignored="0" total="7" passed="5" failed="2" skipped="0">
  <reporter-output>
  </reporter-output>
  <suite started-at="2024-11-12T17:12:16 IST" name="Default suite" finished-at="2024-11-12T17:12:53 IST" duration-ms="37882">
    <groups>
      <group name="cucumber">
        <method signature="AbstractTestNGCucumberTests.runScenario(io.cucumber.testng.PickleWrapper,io.cucumber.testng.FeatureWrapper)[pri:0, instance:cucumberOptions.TestNGTestRunner@33ecda92]" name="runScenario" class="io.cucumber.testng.AbstractTestNGCucumberTests"/>
      </group> <!-- cucumber -->
    </groups>
    <test started-at="2024-11-12T17:12:16 IST" name="Default test" finished-at="2024-11-12T17:12:53 IST" duration-ms="37882">
      <class name="cucumberOptions.TestNGTestRunner">
        <test-method is-config="true" signature="setUpClass(org.testng.ITestContext)[pri:0, instance:cucumberOptions.TestNGTestRunner@33ecda92]" started-at="2024-11-12T17:12:16 IST" name="setUpClass" finished-at="2024-11-12T17:12:17 IST" duration-ms="1381" status="PASS">
          <params>
            <param index="0">
              <value>
                <![CDATA[org.testng.TestRunner@5a4c98d7]]>
              </value>
            </param>
          </params>
          <reporter-output>
          </reporter-output>
        </test-method> <!-- setUpClass -->
        <test-method signature="runScenario(io.cucumber.testng.PickleWrapper,io.cucumber.testng.FeatureWrapper)[pri:0, instance:cucumberOptions.TestNGTestRunner@33ecda92]" started-at="2024-11-12T17:12:17 IST" name="runScenario" description="Runs Cucumber Scenarios" data-provider="scenarios" finished-at="2024-11-12T17:12:26 IST" duration-ms="9365" status="FAIL">
          <params>
            <param index="0">
              <value>
                <![CDATA["Student will enter credentials   Login"]]>
              </value>
            </param>
            <param index="1">
              <value>
                <![CDATA["Student will Enter the credentials and login to the application."]]>
              </value>
            </param>
          </params>
          <exception class="java.lang.AssertionError">
            <message>
              <![CDATA[expected [Signin Success. You are in a free trial period] but found [Signin Success. Your free trial period has ended]]]>
            </message>
            <full-stacktrace>
              <![CDATA[java.lang.AssertionError: expected [Signin Success. You are in a free trial period] but found [Signin Success. Your free trial period has ended]
at org.testng.Assert.fail(Assert.java:111)
at org.testng.Assert.failNotEquals(Assert.java:1578)
at org.testng.Assert.assertEqualsImpl(Assert.java:150)
at org.testng.Assert.assertEquals(Assert.java:132)
at org.testng.Assert.assertEquals(Assert.java:656)
at org.testng.Assert.assertEquals(Assert.java:666)
at stepDefinitions.studentLogin_SD.the_messgae_should_display(studentLogin_SD.java:40)
at ✽.the Signin Success. Your free trial period has ended message should display(file:///C:/Project_TS_BDD/technobug/src/test/java/features/studentLogin.feature:11)
]]>
            </full-stacktrace>
          </exception> <!-- java.lang.AssertionError -->
          <reporter-output>
          </reporter-output>
        </test-method> <!-- runScenario -->
        <test-method signature="runScenario(io.cucumber.testng.PickleWrapper,io.cucumber.testng.FeatureWrapper)[pri:0, instance:cucumberOptions.TestNGTestRunner@33ecda92]" started-at="2024-11-12T17:12:26 IST" name="runScenario" description="Runs Cucumber Scenarios" data-provider="scenarios" finished-at="2024-11-12T17:12:32 IST" duration-ms="5455" status="FAIL">
          <params>
            <param index="0">
              <value>
                <![CDATA["Student will enter credentials   Login"]]>
              </value>
            </param>
            <param index="1">
              <value>
                <![CDATA["Student will Enter the credentials and login to the application."]]>
              </value>
            </param>
          </params>
          <exception class="java.lang.AssertionError">
            <message>
              <![CDATA[expected [Signin Success. You are in a free trial period] but found [Signin Success. Your free trial period has ended]]]>
            </message>
            <full-stacktrace>
              <![CDATA[java.lang.AssertionError: expected [Signin Success. You are in a free trial period] but found [Signin Success. Your free trial period has ended]
at org.testng.Assert.fail(Assert.java:111)
at org.testng.Assert.failNotEquals(Assert.java:1578)
at org.testng.Assert.assertEqualsImpl(Assert.java:150)
at org.testng.Assert.assertEquals(Assert.java:132)
at org.testng.Assert.assertEquals(Assert.java:656)
at org.testng.Assert.assertEquals(Assert.java:666)
at stepDefinitions.studentLogin_SD.the_messgae_should_display(studentLogin_SD.java:40)
at ✽.the Signin Success. Your free trial period has ended message should display(file:///C:/Project_TS_BDD/technobug/src/test/java/features/studentLogin.feature:11)
]]>
            </full-stacktrace>
          </exception> <!-- java.lang.AssertionError -->
          <reporter-output>
          </reporter-output>
        </test-method> <!-- runScenario -->
        <test-method signature="runScenario(io.cucumber.testng.PickleWrapper,io.cucumber.testng.FeatureWrapper)[pri:0, instance:cucumberOptions.TestNGTestRunner@33ecda92]" started-at="2024-11-12T17:12:32 IST" name="runScenario" description="Runs Cucumber Scenarios" data-provider="scenarios" finished-at="2024-11-12T17:12:36 IST" duration-ms="4075" status="PASS">
          <params>
            <param index="0">
              <value>
                <![CDATA["Student will enter credentials   Login"]]>
              </value>
            </param>
            <param index="1">
              <value>
                <![CDATA["Student will Enter the credentials and login to the application."]]>
              </value>
            </param>
          </params>
          <reporter-output>
          </reporter-output>
        </test-method> <!-- runScenario -->
        <test-method signature="runScenario(io.cucumber.testng.PickleWrapper,io.cucumber.testng.FeatureWrapper)[pri:0, instance:cucumberOptions.TestNGTestRunner@33ecda92]" started-at="2024-11-12T17:12:36 IST" name="runScenario" description="Runs Cucumber Scenarios" data-provider="scenarios" finished-at="2024-11-12T17:12:40 IST" duration-ms="4481" status="PASS">
          <params>
            <param index="0">
              <value>
                <![CDATA["Student will enter credentials   Login"]]>
              </value>
            </param>
            <param index="1">
              <value>
                <![CDATA["Student will Enter the credentials and login to the application."]]>
              </value>
            </param>
          </params>
          <reporter-output>
          </reporter-output>
        </test-method> <!-- runScenario -->
        <test-method signature="runScenario(io.cucumber.testng.PickleWrapper,io.cucumber.testng.FeatureWrapper)[pri:0, instance:cucumberOptions.TestNGTestRunner@33ecda92]" started-at="2024-11-12T17:12:40 IST" name="runScenario" description="Runs Cucumber Scenarios" data-provider="scenarios" finished-at="2024-11-12T17:12:45 IST" duration-ms="4224" status="PASS">
          <params>
            <param index="0">
              <value>
                <![CDATA["Student will enter credentials   Login"]]>
              </value>
            </param>
            <param index="1">
              <value>
                <![CDATA["Student will Enter the credentials and login to the application."]]>
              </value>
            </param>
          </params>
          <reporter-output>
          </reporter-output>
        </test-method> <!-- runScenario -->
        <test-method signature="runScenario(io.cucumber.testng.PickleWrapper,io.cucumber.testng.FeatureWrapper)[pri:0, instance:cucumberOptions.TestNGTestRunner@33ecda92]" started-at="2024-11-12T17:12:45 IST" name="runScenario" description="Runs Cucumber Scenarios" data-provider="scenarios" finished-at="2024-11-12T17:12:49 IST" duration-ms="4409" status="PASS">
          <params>
            <param index="0">
              <value>
                <![CDATA["Student will enter credentials   Login"]]>
              </value>
            </param>
            <param index="1">
              <value>
                <![CDATA["Student will Enter the credentials and login to the application."]]>
              </value>
            </param>
          </params>
          <reporter-output>
          </reporter-output>
        </test-method> <!-- runScenario -->
        <test-method signature="runScenario(io.cucumber.testng.PickleWrapper,io.cucumber.testng.FeatureWrapper)[pri:0, instance:cucumberOptions.TestNGTestRunner@33ecda92]" started-at="2024-11-12T17:12:49 IST" name="runScenario" description="Runs Cucumber Scenarios" data-provider="scenarios" finished-at="2024-11-12T17:12:53 IST" duration-ms="3907" status="PASS">
          <params>
            <param index="0">
              <value>
                <![CDATA["Student will enter credentials   Login"]]>
              </value>
            </param>
            <param index="1">
              <value>
                <![CDATA["Student will Enter the credentials and login to the application."]]>
              </value>
            </param>
          </params>
          <reporter-output>
          </reporter-output>
        </test-method> <!-- runScenario -->
        <test-method is-config="true" signature="tearDownClass()[pri:0, instance:cucumberOptions.TestNGTestRunner@33ecda92]" started-at="2024-11-12T17:12:53 IST" name="tearDownClass" finished-at="2024-11-12T17:12:53 IST" duration-ms="490" status="PASS">
          <reporter-output>
          </reporter-output>
        </test-method> <!-- tearDownClass -->
      </class> <!-- cucumberOptions.TestNGTestRunner -->
    </test> <!-- Default test -->
  </suite> <!-- Default suite -->
</testng-results>
