<?xml version="1.0" encoding="UTF-8"?>
<!-- Generated by org.testng.reporters.JUnitReportReporter -->
<testsuite hostname="SUFIYAN" failures="2" tests="7" name="cucumberOptions.TestNGTestRunner" time="35.916" errors="0" timestamp="2024-11-12T17:12:54 IST" skipped="0">
  <testcase classname="cucumberOptions.TestNGTestRunner" name="runScenario" time="4.481"/>
  <testcase classname="cucumberOptions.TestNGTestRunner" name="runScenario" time="4.224"/>
  <testcase classname="cucumberOptions.TestNGTestRunner" name="runScenario" time="9.365">
    <failure message="expected [Signin Success. You are in a free trial period] but found [Signin Success. Your free trial period has ended]" type="java.lang.AssertionError">
      <![CDATA[java.lang.AssertionError: expected [Signin Success. You are in a free trial period] but found [Signin Success. Your free trial period has ended]
at org.testng.Assert.fail(Assert.java:111)
at org.testng.Assert.failNotEquals(Assert.java:1578)
at org.testng.Assert.assertEqualsImpl(Assert.java:150)
at org.testng.Assert.assertEquals(Assert.java:132)
at org.testng.Assert.assertEquals(Assert.java:656)
at org.testng.Assert.assertEquals(Assert.java:666)
at stepDefinitions.studentLogin_SD.the_messgae_should_display(studentLogin_SD.java:40)
at ✽.the Signin Success. Your free trial period has ended message should display(file:///C:/Project_TS_BDD/technobug/src/test/java/features/studentLogin.feature:11)
]]>
    </failure>
  </testcase> <!-- runScenario -->
  <testcase classname="cucumberOptions.TestNGTestRunner" name="runScenario" time="5.455">
    <failure message="expected [Signin Success. You are in a free trial period] but found [Signin Success. Your free trial period has ended]" type="java.lang.AssertionError">
      <![CDATA[java.lang.AssertionError: expected [Signin Success. You are in a free trial period] but found [Signin Success. Your free trial period has ended]
at org.testng.Assert.fail(Assert.java:111)
at org.testng.Assert.failNotEquals(Assert.java:1578)
at org.testng.Assert.assertEqualsImpl(Assert.java:150)
at org.testng.Assert.assertEquals(Assert.java:132)
at org.testng.Assert.assertEquals(Assert.java:656)
at org.testng.Assert.assertEquals(Assert.java:666)
at stepDefinitions.studentLogin_SD.the_messgae_should_display(studentLogin_SD.java:40)
at ✽.the Signin Success. Your free trial period has ended message should display(file:///C:/Project_TS_BDD/technobug/src/test/java/features/studentLogin.feature:11)
]]>
    </failure>
  </testcase> <!-- runScenario -->
  <testcase classname="cucumberOptions.TestNGTestRunner" name="runScenario" time="4.409"/>
  <testcase classname="cucumberOptions.TestNGTestRunner" name="runScenario" time="4.075"/>
  <testcase classname="cucumberOptions.TestNGTestRunner" name="runScenario" time="3.907"/>
</testsuite> <!-- cucumberOptions.TestNGTestRunner -->
