<?xml version="1.0" encoding="UTF-8"?>
<!-- Generated by org.testng.reporters.JUnitReportReporter -->
<testsuite hostname="SUFIYAN" failures="1" tests="1" name="cucumberOptions.FailedTestRunner" time="5.719" errors="0" timestamp="2024-10-17T17:54:59 IST" skipped="0">
  <testcase classname="cucumberOptions.FailedTestRunner" name="runScenario" time="5.719">
    <failure message="expected [Please enter a valid Email address] but found [Please enter valid Email address]" type="java.lang.AssertionError">
      <![CDATA[java.lang.AssertionError: expected [Please enter a valid Email address] but found [Please enter valid Email address]
at org.testng.Assert.fail(Assert.java:111)
at org.testng.Assert.failNotEquals(Assert.java:1578)
at org.testng.Assert.assertEqualsImpl(Assert.java:150)
at org.testng.Assert.assertEquals(Assert.java:132)
at org.testng.Assert.assertEquals(Assert.java:656)
at org.testng.Assert.assertEquals(Assert.java:666)
at stepDefinitions.studentLogin_SD.the_messgae_should_display(studentLogin_SD.java:44)
at âœ½.the Please enter valid Email address message should display(file:///C:/Project_TS_BDD/technobug/src/test/java/features/studentLogin.feature:11)
]]>
    </failure>
  </testcase> <!-- runScenario -->
</testsuite> <!-- cucumberOptions.FailedTestRunner -->
